2025-04-28 15:28:00 | DEBUG | repo=ffmpeg.wasm | action=commit
2025-07-02 07:20:00 | INFO | repo=ffmpeg.wasm | action=commit
2025-07-21 20:30:00 | DEBUG | repo=ffmpeg.wasm | action=commit
2025-11-12 15:31:00 | INFO | repo=ffmpeg.wasm | action=commit
2025-10-25 18:52:00 | INFO | repo=ffmpeg.wasm | action=commit
2025-04-14 09:00:00 | DEBUG | repo=ffmpeg.wasm | action=commit
2025-08-09 13:04:00 | INFO | repo=ffmpeg.wasm | action=commit
2025-04-06 20:39:00 | WARN | repo=ffmpeg.wasm | action=commit
2025-05-27 08:16:00 | DEBUG | repo=ffmpeg.wasm | action=commit
2025-08-02 20:40:00 | INFO | repo=ffmpeg.wasm | action=commit
2025-01-13 17:35:00 | DEBUG | repo=ffmpeg.wasm | action=test | passed=true
2025-04-04 19:06:00 | DEBUG | repo=ffmpeg.wasm | action=commit
2025-04-24 09:50:00 | DEBUG | repo=ffmpeg.wasm | action=edit | files=2
2025-05-20 11:56:00 | INFO | repo=ffmpeg.wasm | action=test | passed=true
2025-01-10 08:34:00 | WARN | repo=ffmpeg.wasm | action=commit
2025-02-04 14:17:00 | WARN | repo=ffmpeg.wasm | action=commit
2025-12-14 10:25:00 | DEBUG | repo=ffmpeg.wasm | action=commit
2025-05-10 12:28:00 | DEBUG | repo=ffmpeg.wasm | action=commit
2025-01-09 11:22:00 | DEBUG | repo=ffmpeg.wasm | action=commit
2025-06-20 09:24:00 | WARN | repo=ffmpeg.wasm | action=commit
2025-03-25 16:58:00 | DEBUG | repo=ffmpeg.wasm | action=commit
2025-03-23 07:42:00 | DEBUG | repo=ffmpeg.wasm | action=commit
2025-07-08 18:45:00 | INFO | repo=ffmpeg.wasm | action=commit
2025-08-27 17:30:00 | DEBUG | repo=ffmpeg.wasm | action=edit | files=1
2025-09-07 11:29:00 | WARN | repo=ffmpeg.wasm | action=commit
2026-12-01 08:30:00 | DEBUG | repo=ffmpeg.wasm | action=commit
2026-07-09 13:40:00 | INFO | repo=ffmpeg.wasm | action=test | passed=true
2026-12-22 18:33:00 | INFO | repo=ffmpeg.wasm | action=commit
2026-09-09 17:04:00 | WARN | repo=ffmpeg.wasm | action=commit
2026-03-18 20:51:00 | DEBUG | repo=ffmpeg.wasm | action=commit
2026-06-04 20:47:00 | WARN | repo=ffmpeg.wasm | action=test | passed=true
2026-11-18 07:37:00 | WARN | repo=ffmpeg.wasm | action=commit
2026-11-22 08:49:00 | WARN | repo=ffmpeg.wasm | action=commit
2026-04-16 18:52:00 | WARN | repo=ffmpeg.wasm | action=commit
2026-01-25 14:18:00 | WARN | repo=ffmpeg.wasm | action=commit
2026-10-22 16:19:00 | WARN | repo=ffmpeg.wasm | action=edit | files=3
2026-07-10 16:30:00 | DEBUG | repo=ffmpeg.wasm | action=commit
2026-09-19 19:30:00 | WARN | repo=ffmpeg.wasm | action=commit
2026-11-07 14:16:00 | INFO | repo=ffmpeg.wasm | action=commit
2026-05-07 18:09:00 | WARN | repo=ffmpeg.wasm | action=commit
2026-07-03 10:05:00 | INFO | repo=ffmpeg.wasm | action=commit
2026-03-21 20:04:00 | INFO | repo=ffmpeg.wasm | action=commit
2026-10-28 13:27:00 | DEBUG | repo=ffmpeg.wasm | action=commit
2026-10-15 09:51:00 | INFO | repo=ffmpeg.wasm | action=commit
2026-07-16 20:40:00 | DEBUG | repo=ffmpeg.wasm | action=commit
2025-02-03 18:53:00 | WARN | repo=ffmpeg.wasm | action=pull
2025-07-26 12:55:00 | INFO | repo=ffmpeg.wasm | action=commit
2025-06-04 14:08:00 | INFO | repo=ffmpeg.wasm | action=commit
2025-03-04 12:21:00 | INFO | repo=ffmpeg.wasm | action=commit
2025-12-08 10:16:00 | INFO | repo=ffmpeg.wasm | action=commit
2025-12-19 11:57:00 | DEBUG | repo=ffmpeg.wasm | action=commit
2025-09-26 17:43:00 | DEBUG | repo=ffmpeg.wasm | action=commit
2025-08-26 16:19:00 | DEBUG | repo=ffmpeg.wasm | action=commit
2025-12-15 17:20:00 | DEBUG | repo=ffmpeg.wasm | action=commit
2025-02-06 08:02:00 | DEBUG | repo=ffmpeg.wasm | action=edit | files=3
2025-07-18 12:24:00 | DEBUG | repo=ffmpeg.wasm | action=commit
2025-04-15 19:58:00 | WARN | repo=ffmpeg.wasm | action=commit
2025-01-05 19:20:00 | WARN | repo=ffmpeg.wasm | action=commit
2025-08-08 13:20:00 | WARN | repo=ffmpeg.wasm | action=commit
2025-01-04 08:22:00 | WARN | repo=ffmpeg.wasm | action=commit
2025-09-14 21:17:00 | WARN | repo=ffmpeg.wasm | action=commit
2025-11-20 20:40:00 | INFO | repo=ffmpeg.wasm | action=commit
2025-08-18 19:03:00 | INFO | repo=ffmpeg.wasm | action=commit
2025-04-06 14:50:00 | WARN | repo=ffmpeg.wasm | action=commit
2025-07-27 18:59:00 | DEBUG | repo=ffmpeg.wasm | action=commit
2025-07-01 19:43:00 | WARN | repo=ffmpeg.wasm | action=commit
2025-06-16 07:11:00 | DEBUG | repo=ffmpeg.wasm | action=edit | files=1
2025-10-01 11:14:00 | WARN | repo=ffmpeg.wasm | action=commit
2025-10-05 21:53:00 | DEBUG | repo=ffmpeg.wasm | action=commit
2025-07-27 10:01:00 | DEBUG | repo=ffmpeg.wasm | action=commit
2025-10-15 18:51:00 | INFO | repo=ffmpeg.wasm | action=commit
2025-05-05 15:54:00 | INFO | repo=ffmpeg.wasm | action=edit | files=4
2025-07-10 08:03:00 | WARN | repo=ffmpeg.wasm | action=test | passed=true
2025-01-16 13:02:00 | WARN | repo=ffmpeg.wasm | action=commit
